npm verb cli C:\Program Files\nodejs\node.exe C:\Program Files\nodejs\node_modules\npm\bin\npm-cli.js
npm info using npm@8.19.2
npm info using node@v18.12.1
npm timing npm:load:whichnode Completed in 1ms
npm timing config:load:defaults Completed in 2ms
npm timing config:load:file:C:\Program Files\nodejs\node_modules\npm\npmrc Completed in 6ms
npm timing config:load:builtin Completed in 6ms
npm timing config:load:cli Completed in 3ms
npm timing config:load:env Completed in 2ms
npm timing config:load:file:C:\Automation\Branches\LC_08Feb\emeritus-cypress-automation\tmpBstackPackages\.npmrc Completed in 1ms
npm timing config:load:project Completed in 9ms
npm timing config:load:file:C:\Users\pradeep.shekhawat.em\.npmrc Completed in 1ms
npm timing config:load:user Completed in 1ms
npm timing config:load:file:C:\Users\pradeep.shekhawat.em\AppData\Roaming\npm\etc\npmrc Completed in 1ms
npm timing config:load:global Completed in 1ms
npm timing config:load:validate Completed in 2ms
npm timing config:load:credentials Completed in 1ms
npm timing config:load:setEnvs Completed in 1ms
npm timing config:load Completed in 28ms
npm timing npm:load:configload Completed in 28ms
npm timing npm:load:mkdirpcache Completed in 2ms
npm timing npm:load:mkdirplogs Completed in 1ms
npm verb title npm install
npm verb argv "install" "--legacy-peer-deps" "--loglevel" "verbose"
npm timing npm:load:setTitle Completed in 2ms
npm timing config:load:flatten Completed in 4ms
npm timing npm:load:display Completed in 9ms
npm verb logfile logs-max:10 dir:C:\Users\pradeep.shekhawat.em\AppData\Local\npm-cache\_logs
npm verb logfile C:\Users\pradeep.shekhawat.em\AppData\Local\npm-cache\_logs\2023-02-09T05_21_42_317Z-debug-0.log
npm timing npm:load:logFile Completed in 10ms
npm timing npm:load:timers Completed in 0ms
npm timing npm:load:configScope Completed in 1ms
npm timing npm:load Completed in 54ms
npm timing arborist:ctor Completed in 2ms
npm timing arborist:ctor Completed in 1ms
npm timing idealTree:init Completed in 66ms
npm timing idealTree:userRequests Completed in 1ms
npm http fetch GET 200 https://registry.yarnpkg.com/cypress 3961ms (cache miss)
npm http fetch GET 200 https://registry.yarnpkg.com/cypress-xpath 1196ms (cache miss)
npm http fetch GET 200 https://registry.yarnpkg.com/cli-cursor 309ms (cache miss)
npm http fetch GET 200 https://registry.yarnpkg.com/common-tags 311ms (cache miss)
npm http fetch GET 200 https://registry.yarnpkg.com/cli-table3 404ms (cache miss)
npm http fetch GET 200 https://registry.yarnpkg.com/arch 415ms (cache miss)
npm http fetch GET 200 https://registry.yarnpkg.com/@types%2fsizzle 416ms (cache miss)
npm http fetch GET 200 https://registry.yarnpkg.com/buffer 468ms (cache miss)
npm http fetch GET 200 https://registry.yarnpkg.com/commander 538ms (cache miss)
npm http fetch GET 200 https://registry.yarnpkg.com/enquirer 539ms (cache miss)
npm http fetch GET 200 https://registry.yarnpkg.com/eventemitter2 543ms (cache miss)
npm http fetch GET 200 https://registry.yarnpkg.com/debug 545ms (cache miss)
npm http fetch GET 200 https://registry.yarnpkg.com/execa 558ms (cache miss)
npm http fetch GET 200 https://registry.yarnpkg.com/bluebird 573ms (cache miss)
npm http fetch GET 200 https://registry.yarnpkg.com/figures 590ms (cache miss)
npm http fetch GET 200 https://registry.yarnpkg.com/@types%2fsinonjs__fake-timers 652ms (cache miss)
npm http fetch GET 200 https://registry.yarnpkg.com/executable 639ms (cache miss)
npm http fetch GET 200 https://registry.yarnpkg.com/extract-zip 643ms (cache miss)
npm http fetch GET 200 https://registry.yarnpkg.com/getos 648ms (cache miss)
npm http fetch GET 200 https://registry.yarnpkg.com/chalk 665ms (cache miss)
npm http fetch GET 200 https://registry.yarnpkg.com/cachedir 671ms (cache miss)
npm http fetch GET 200 https://registry.yarnpkg.com/is-installed-globally 655ms (cache miss)
npm http fetch GET 200 https://registry.yarnpkg.com/fs-extra 660ms (cache miss)
npm http fetch GET 200 https://registry.yarnpkg.com/@cypress%2fxvfb 690ms (cache miss)
npm http fetch GET 200 https://registry.yarnpkg.com/is-ci 667ms (cache miss)
npm http fetch GET 200 https://registry.yarnpkg.com/proxy-from-env 735ms (cache miss)
npm http fetch GET 200 https://registry.yarnpkg.com/minimist 746ms (cache miss)
npm http fetch GET 200 https://registry.yarnpkg.com/log-symbols 751ms (cache miss)
npm http fetch GET 200 https://registry.yarnpkg.com/request-progress 761ms (cache miss)
npm http fetch GET 200 https://registry.yarnpkg.com/lodash 828ms (cache miss)
npm http fetch GET 200 https://registry.yarnpkg.com/pretty-bytes 844ms (cache miss)
npm http fetch GET 200 https://registry.yarnpkg.com/semver 863ms (cache miss)
npm http fetch GET 200 https://registry.yarnpkg.com/dayjs 955ms (cache miss)
npm http fetch GET 200 https://registry.yarnpkg.com/tmp 941ms (cache miss)
npm http fetch GET 200 https://registry.yarnpkg.com/untildify 946ms (cache miss)
npm http fetch GET 200 https://registry.yarnpkg.com/lazy-ass 1142ms (cache miss)
npm http fetch GET 200 https://registry.yarnpkg.com/listr2 1370ms (cache miss)
npm http fetch GET 200 https://registry.yarnpkg.com/@types%2fnode 1423ms (cache miss)
npm http fetch GET 200 https://registry.yarnpkg.com/blob-util 1464ms (cache miss)
npm http fetch GET 200 https://registry.yarnpkg.com/supports-color 1432ms (cache miss)
npm http fetch GET 200 https://registry.yarnpkg.com/yauzl 1432ms (cache miss)
npm http fetch GET 200 https://registry.yarnpkg.com/check-more-types 1470ms (cache miss)
npm http fetch GET 200 https://registry.yarnpkg.com/ospath 1798ms (cache miss)
npm http fetch GET 200 https://registry.yarnpkg.com/@cypress%2frequest 2387ms (cache miss)
npm timing idealTree:#root Completed in 7595ms
npm http fetch GET 200 https://registry.yarnpkg.com/aws-sign2 211ms (cache miss)
npm http fetch GET 200 https://registry.yarnpkg.com/caseless 210ms (cache miss)
npm http fetch GET 200 https://registry.yarnpkg.com/performance-now 205ms (cache miss)
npm http fetch GET 200 https://registry.yarnpkg.com/json-stringify-safe 214ms (cache miss)
npm http fetch GET 200 https://registry.yarnpkg.com/is-typedarray 233ms (cache miss)
npm http fetch GET 200 https://registry.yarnpkg.com/extend 240ms (cache miss)
npm http fetch GET 200 https://registry.yarnpkg.com/isstream 234ms (cache miss)
npm http fetch GET 200 https://registry.yarnpkg.com/form-data 240ms (cache miss)
npm http fetch GET 200 https://registry.yarnpkg.com/combined-stream 247ms (cache miss)
npm http fetch GET 200 https://registry.yarnpkg.com/forever-agent 247ms (cache miss)
npm http fetch GET 200 https://registry.yarnpkg.com/aws4 256ms (cache miss)
npm http fetch GET 200 https://registry.yarnpkg.com/mime-types 241ms (cache miss)
npm http fetch GET 200 https://registry.yarnpkg.com/safe-buffer 241ms (cache miss)
npm http fetch GET 200 https://registry.yarnpkg.com/http-signature 257ms (cache miss)
npm http fetch GET 200 https://registry.yarnpkg.com/tunnel-agent 249ms (cache miss)
npm http fetch GET 200 https://registry.yarnpkg.com/lodash.once 252ms (cache miss)
npm http fetch GET 200 https://registry.yarnpkg.com/string-width 271ms (cache miss)
npm http fetch GET 200 https://registry.yarnpkg.com/uuid 280ms (cache miss)
npm http fetch GET 200 https://registry.yarnpkg.com/restore-cursor 304ms (cache miss)
npm http fetch GET 200 https://registry.yarnpkg.com/base64-js 322ms (cache miss)
npm http fetch GET 200 https://registry.yarnpkg.com/ansi-styles 323ms (cache miss)
npm http fetch GET 200 https://registry.yarnpkg.com/tough-cookie 336ms (cache miss)
npm http fetch GET 200 https://registry.yarnpkg.com/qs 340ms (cache miss)
npm http fetch GET 200 https://registry.yarnpkg.com/ms 333ms (cache miss)
npm http fetch GET 200 https://registry.yarnpkg.com/ansi-colors 333ms (cache miss)
npm http fetch GET 200 https://registry.yarnpkg.com/@colors%2fcolors 337ms (cache miss)
npm http fetch GET 200 https://registry.yarnpkg.com/ieee754 346ms (cache miss)
npm http fetch GET 200 https://registry.yarnpkg.com/get-stream 336ms (cache miss)
npm http fetch GET 200 https://registry.yarnpkg.com/human-signals 361ms (cache miss)
npm http fetch GET 200 https://registry.yarnpkg.com/is-stream 360ms (cache miss)
npm http fetch GET 200 https://registry.yarnpkg.com/cross-spawn 365ms (cache miss)
npm http fetch GET 200 https://registry.yarnpkg.com/npm-run-path 380ms (cache miss)
npm http fetch GET 200 https://registry.yarnpkg.com/merge-stream 383ms (cache miss)
npm http fetch GET 200 https://registry.yarnpkg.com/onetime 393ms (cache miss)
npm http fetch GET 200 https://registry.yarnpkg.com/get-stream 401ms (cache miss)
npm http fetch GET 200 https://registry.yarnpkg.com/strip-final-newline 405ms (cache miss)
npm http fetch GET 200 https://registry.yarnpkg.com/pify 406ms (cache miss)
npm http fetch GET 200 https://registry.yarnpkg.com/escape-string-regexp 403ms (cache miss)
npm http fetch GET 200 https://registry.yarnpkg.com/signal-exit 410ms (cache miss)
npm http fetch GET 200 https://registry.yarnpkg.com/at-least-node 404ms (cache miss)
npm http fetch GET 200 https://registry.yarnpkg.com/@types%2fyauzl 417ms (cache miss)
npm http fetch GET 200 https://registry.yarnpkg.com/jsonfile 414ms (cache miss)
npm http fetch GET 200 https://registry.yarnpkg.com/universalify 422ms (cache miss)
npm http fetch GET 200 https://registry.yarnpkg.com/ci-info 426ms (cache miss)
npm http fetch GET 200 https://registry.yarnpkg.com/global-dirs 428ms (cache miss)
npm http fetch GET 200 https://registry.yarnpkg.com/graceful-fs 447ms (cache miss)
npm http fetch GET 200 https://registry.yarnpkg.com/cli-truncate 451ms (cache miss)
npm http fetch GET 200 https://registry.yarnpkg.com/p-map 447ms (cache miss)
npm http fetch GET 200 https://registry.yarnpkg.com/log-update 458ms (cache miss)
npm http fetch GET 200 https://registry.yarnpkg.com/is-path-inside 463ms (cache miss)
npm http fetch GET 200 https://registry.yarnpkg.com/rfdc 459ms (cache miss)
npm http fetch GET 200 https://registry.yarnpkg.com/has-flag 460ms (cache miss)
npm http fetch GET 200 https://registry.yarnpkg.com/is-unicode-supported 468ms (cache miss)
npm http fetch GET 200 https://registry.yarnpkg.com/wrap-ansi 470ms (cache miss)
npm http fetch GET 200 https://registry.yarnpkg.com/through 474ms (cache miss)
npm http fetch GET 200 https://registry.yarnpkg.com/throttleit 474ms (cache miss)
npm http fetch GET 200 https://registry.yarnpkg.com/colorette 488ms (cache miss)
npm http fetch GET 200 https://registry.yarnpkg.com/async 502ms (cache miss)
npm http fetch GET 200 https://registry.yarnpkg.com/buffer-crc32 483ms (cache miss)
npm http fetch GET 200 https://registry.yarnpkg.com/rimraf 494ms (cache miss)
npm http fetch GET 200 https://registry.yarnpkg.com/lru-cache 516ms (cache miss)
npm http fetch GET 200 https://registry.yarnpkg.com/rxjs 594ms (cache miss)
npm http fetch GET 200 https://registry.yarnpkg.com/fd-slicer 1582ms (cache miss)
npm timing idealTree:node_modules/cypress Completed in 1743ms
npm http fetch GET 200 https://registry.yarnpkg.com/assert-plus 101ms (cache miss)
npm http fetch GET 200 https://registry.yarnpkg.com/side-channel 103ms (cache miss)
npm http fetch GET 200 https://registry.yarnpkg.com/delayed-stream 128ms (cache miss)
npm http fetch GET 200 https://registry.yarnpkg.com/jsprim 121ms (cache miss)
npm http fetch GET 200 https://registry.yarnpkg.com/sshpk 136ms (cache miss)
npm http fetch GET 200 https://registry.yarnpkg.com/mime-db 137ms (cache miss)
npm http fetch GET 200 https://registry.yarnpkg.com/punycode 137ms (cache miss)
npm http fetch GET 200 https://registry.yarnpkg.com/asynckit 146ms (cache miss)
npm http fetch GET 200 https://registry.yarnpkg.com/psl 143ms (cache miss)
npm timing idealTree:node_modules/@cypress/request Completed in 178ms
npm timing idealTree:node_modules/@cypress/xvfb Completed in 5ms
npm timing idealTree:node_modules/@types/node Completed in 0ms
npm timing idealTree:node_modules/@types/sinonjs__fake-timers Completed in 0ms
npm timing idealTree:node_modules/@types/sizzle Completed in 0ms
npm timing idealTree:node_modules/arch Completed in 0ms
npm timing idealTree:node_modules/aws-sign2 Completed in 0ms
npm timing idealTree:node_modules/aws4 Completed in 0ms
npm timing idealTree:node_modules/blob-util Completed in 0ms
npm timing idealTree:node_modules/bluebird Completed in 0ms
npm timing idealTree:node_modules/buffer Completed in 4ms
npm timing idealTree:node_modules/base64-js Completed in 0ms
npm timing idealTree:node_modules/cachedir Completed in 0ms
npm timing idealTree:node_modules/caseless Completed in 0ms
npm http fetch GET 200 https://registry.yarnpkg.com/color-convert 137ms (cache miss)
npm timing idealTree:node_modules/chalk Completed in 142ms
npm http fetch GET 200 https://registry.yarnpkg.com/color-name 85ms (cache miss)
npm timing idealTree:node_modules/ansi-styles Completed in 87ms
npm timing idealTree:node_modules/check-more-types Completed in 0ms
npm timing idealTree:node_modules/cli-cursor Completed in 1ms
npm http fetch GET 200 https://registry.yarnpkg.com/is-fullwidth-code-point 93ms (cache miss)
npm http fetch GET 200 https://registry.yarnpkg.com/strip-ansi 93ms (cache miss)
npm http fetch GET 200 https://registry.yarnpkg.com/emoji-regex 107ms (cache miss)
npm timing idealTree:node_modules/cli-table3 Completed in 112ms
npm timing idealTree:node_modules/@colors/colors Completed in 0ms
npm timing idealTree:node_modules/color-convert Completed in 2ms
npm timing idealTree:node_modules/color-name Completed in 0ms
npm timing idealTree:node_modules/combined-stream Completed in 2ms
npm timing idealTree:node_modules/commander Completed in 0ms
npm timing idealTree:node_modules/common-tags Completed in 0ms
npm timing idealTree:node_modules/cypress-xpath Completed in 0ms
npm timing idealTree:node_modules/dayjs Completed in 0ms
npm timing idealTree:node_modules/debug Completed in 1ms
npm timing idealTree:node_modules/delayed-stream Completed in 0ms
npm timing idealTree:node_modules/enquirer Completed in 1ms
npm timing idealTree:node_modules/ansi-colors Completed in 0ms
npm timing idealTree:node_modules/eventemitter2 Completed in 0ms
npm http fetch GET 200 https://registry.yarnpkg.com/shebang-command 88ms (cache miss)
npm http fetch GET 200 https://registry.yarnpkg.com/pump 87ms (cache miss)
npm http fetch GET 200 https://registry.yarnpkg.com/path-key 111ms (cache miss)
npm http fetch GET 200 https://registry.yarnpkg.com/path-key 110ms (cache miss)
npm http fetch GET 200 https://registry.yarnpkg.com/which 114ms (cache miss)
npm http fetch GET 200 https://registry.yarnpkg.com/mimic-fn 113ms (cache miss)
npm timing idealTree:node_modules/execa Completed in 131ms
npm http fetch GET 200 https://registry.yarnpkg.com/isexe 83ms (cache miss)
npm http fetch GET 200 https://registry.yarnpkg.com/shebang-regex 85ms (cache miss)
npm timing idealTree:node_modules/cross-spawn Completed in 90ms
npm timing idealTree:node_modules/executable Completed in 1ms
npm timing idealTree:node_modules/extend Completed in 0ms
npm timing idealTree:node_modules/extract-zip Completed in 3ms
npm timing idealTree:node_modules/@types/yauzl Completed in 0ms
npm timing idealTree:node_modules/figures Completed in 1ms
npm timing idealTree:node_modules/escape-string-regexp Completed in 0ms
npm timing idealTree:node_modules/forever-agent Completed in 1ms
npm timing idealTree:node_modules/form-data Completed in 1ms
npm timing idealTree:node_modules/asynckit Completed in 0ms
npm timing idealTree:node_modules/fs-extra Completed in 5ms
npm timing idealTree:node_modules/at-least-node Completed in 0ms
npm http fetch GET 200 https://registry.yarnpkg.com/end-of-stream 91ms (cache miss)
npm http fetch GET 200 https://registry.yarnpkg.com/once 91ms (cache miss)
npm timing idealTree:node_modules/get-stream Completed in 95ms
npm timing idealTree:node_modules/getos Completed in 1ms
npm timing idealTree:node_modules/async Completed in 0ms
npm timing idealTree:node_modules/graceful-fs Completed in 0ms
npm http fetch GET 200 https://registry.yarnpkg.com/extsprintf 130ms (cache miss)
npm http fetch GET 200 https://registry.yarnpkg.com/asn1 127ms (cache miss)
npm http fetch GET 200 https://registry.yarnpkg.com/getpass 126ms (cache miss)
npm http fetch GET 200 https://registry.yarnpkg.com/bcrypt-pbkdf 124ms (cache miss)
npm http fetch GET 200 https://registry.yarnpkg.com/json-schema 131ms (cache miss)
npm http fetch GET 200 https://registry.yarnpkg.com/jsbn 128ms (cache miss)
npm http fetch GET 200 https://registry.yarnpkg.com/ecc-jsbn 128ms (cache miss)
npm http fetch GET 200 https://registry.yarnpkg.com/safer-buffer 131ms (cache miss)
npm http fetch GET 200 https://registry.yarnpkg.com/tweetnacl 130ms (cache miss)
npm http fetch GET 200 https://registry.yarnpkg.com/dashdash 133ms (cache miss)
npm http fetch GET 200 https://registry.yarnpkg.com/verror 139ms (cache miss)
npm timing idealTree:node_modules/http-signature Completed in 147ms
npm timing idealTree:node_modules/assert-plus Completed in 0ms
npm timing idealTree:node_modules/human-signals Completed in 0ms
npm timing idealTree:node_modules/ieee754 Completed in 0ms
npm timing idealTree:node_modules/is-ci Completed in 2ms
npm timing idealTree:node_modules/ci-info Completed in 0ms
npm http fetch GET 200 https://registry.yarnpkg.com/ini 101ms (cache miss)
npm timing idealTree:node_modules/is-installed-globally Completed in 104ms
npm timing idealTree:node_modules/global-dirs Completed in 1ms
npm timing idealTree:node_modules/ini Completed in 0ms
npm timing idealTree:node_modules/is-path-inside Completed in 0ms
npm timing idealTree:node_modules/is-stream Completed in 0ms
npm timing idealTree:node_modules/is-typedarray Completed in 0ms
npm timing idealTree:node_modules/isstream Completed in 0ms
npm timing idealTree:node_modules/json-stringify-safe Completed in 0ms
npm timing idealTree:node_modules/jsonfile Completed in 0ms
npm http fetch GET 200 https://registry.yarnpkg.com/core-util-is 89ms (cache miss)
npm timing idealTree:node_modules/jsprim Completed in 94ms
npm timing idealTree:node_modules/extsprintf Completed in 0ms
npm timing idealTree:node_modules/json-schema Completed in 0ms
npm timing idealTree:node_modules/lazy-ass Completed in 0ms
npm http fetch GET 200 https://registry.yarnpkg.com/slice-ansi 88ms (cache miss)
npm http fetch GET 200 https://registry.yarnpkg.com/slice-ansi 105ms (cache miss)
npm http fetch GET 200 https://registry.yarnpkg.com/aggregate-error 113ms (cache miss)
npm http fetch GET 200 https://registry.yarnpkg.com/tslib 115ms (cache miss)
npm http fetch GET 200 https://registry.yarnpkg.com/ansi-escapes 119ms (cache miss)
npm timing idealTree:node_modules/listr2 Completed in 133ms
npm http fetch GET 200 https://registry.yarnpkg.com/astral-regex 95ms (cache miss)
npm timing idealTree:node_modules/cli-truncate Completed in 97ms
npm timing idealTree:node_modules/colorette Completed in 0ms
npm timing idealTree:node_modules/lodash Completed in 0ms
npm timing idealTree:node_modules/lodash.once Completed in 0ms
npm timing idealTree:node_modules/log-symbols Completed in 1ms
npm timing idealTree:node_modules/is-unicode-supported Completed in 0ms
npm http fetch GET 200 https://registry.yarnpkg.com/type-fest 281ms (cache miss)
npm timing idealTree:node_modules/log-update Completed in 287ms
npm timing idealTree:node_modules/ansi-escapes Completed in 1ms
npm timing idealTree:node_modules/merge-stream Completed in 0ms
npm timing idealTree:node_modules/mime-types Completed in 1ms
npm timing idealTree:node_modules/mime-db Completed in 0ms
npm timing idealTree:node_modules/minimist Completed in 0ms
npm timing idealTree:node_modules/ms Completed in 0ms
npm timing idealTree:node_modules/npm-run-path Completed in 0ms
npm timing idealTree:node_modules/onetime Completed in 1ms
npm timing idealTree:node_modules/mimic-fn Completed in 0ms
npm timing idealTree:node_modules/ospath Completed in 0ms
npm http fetch GET 200 https://registry.yarnpkg.com/indent-string 92ms (cache miss)
npm http fetch GET 200 https://registry.yarnpkg.com/clean-stack 99ms (cache miss)
npm timing idealTree:node_modules/p-map Completed in 101ms
npm timing idealTree:node_modules/aggregate-error Completed in 1ms
npm timing idealTree:node_modules/clean-stack Completed in 0ms
npm timing idealTree:node_modules/indent-string Completed in 0ms
npm timing idealTree:node_modules/path-key Completed in 0ms
npm timing idealTree:node_modules/performance-now Completed in 0ms
npm timing idealTree:node_modules/pify Completed in 0ms
npm timing idealTree:node_modules/pretty-bytes Completed in 0ms
npm timing idealTree:node_modules/proxy-from-env Completed in 0ms
npm http fetch GET 200 https://registry.yarnpkg.com/wrappy 82ms (cache miss)
npm timing idealTree:node_modules/pump Completed in 85ms
npm timing idealTree:node_modules/end-of-stream Completed in 0ms
npm timing idealTree:node_modules/once Completed in 1ms
npm http fetch GET 200 https://registry.yarnpkg.com/call-bind 92ms (cache miss)
npm http fetch GET 200 https://registry.yarnpkg.com/object-inspect 101ms (cache miss)
npm http fetch GET 200 https://registry.yarnpkg.com/get-intrinsic 103ms (cache miss)
npm timing idealTree:node_modules/qs Completed in 106ms
npm timing idealTree:node_modules/request-progress Completed in 1ms
npm timing idealTree:node_modules/restore-cursor Completed in 0ms
npm timing idealTree:node_modules/rfdc Completed in 0ms
npm timing idealTree:node_modules/rxjs Completed in 1ms
npm timing idealTree:node_modules/safe-buffer Completed in 0ms
npm http fetch GET 200 https://registry.yarnpkg.com/yallist 82ms (cache miss)
npm timing idealTree:node_modules/semver Completed in 85ms
npm timing idealTree:node_modules/lru-cache Completed in 1ms
npm timing idealTree:node_modules/shebang-command Completed in 1ms
npm timing idealTree:node_modules/shebang-regex Completed in 0ms
npm http fetch GET 200 https://registry.yarnpkg.com/has 85ms (cache miss)
npm http fetch GET 200 https://registry.yarnpkg.com/has-symbols 93ms (cache miss)
npm http fetch GET 200 https://registry.yarnpkg.com/function-bind 107ms (cache miss)
npm timing idealTree:node_modules/side-channel Completed in 112ms
npm timing idealTree:node_modules/call-bind Completed in 2ms
npm timing idealTree:node_modules/function-bind Completed in 0ms
npm timing idealTree:node_modules/get-intrinsic Completed in 2ms
npm timing idealTree:node_modules/has Completed in 0ms
npm timing idealTree:node_modules/has-symbols Completed in 0ms
npm timing idealTree:node_modules/object-inspect Completed in 0ms
npm timing idealTree:node_modules/signal-exit Completed in 0ms
npm timing idealTree:node_modules/slice-ansi Completed in 3ms
npm timing idealTree:node_modules/astral-regex Completed in 0ms
npm timing idealTree:node_modules/is-fullwidth-code-point Completed in 0ms
npm timing idealTree:node_modules/sshpk Completed in 11ms
npm timing idealTree:node_modules/asn1 Completed in 0ms
npm timing idealTree:node_modules/bcrypt-pbkdf Completed in 0ms
npm timing idealTree:node_modules/dashdash Completed in 0ms
npm timing idealTree:node_modules/ecc-jsbn Completed in 0ms
npm timing idealTree:node_modules/getpass Completed in 0ms
npm timing idealTree:node_modules/jsbn Completed in 0ms
npm timing idealTree:node_modules/safer-buffer Completed in 0ms
npm http fetch GET 200 https://registry.yarnpkg.com/ansi-regex 105ms (cache miss)
npm timing idealTree:node_modules/string-width Completed in 113ms
npm timing idealTree:node_modules/emoji-regex Completed in 0ms
npm timing idealTree:node_modules/strip-ansi Completed in 2ms
npm timing idealTree:node_modules/ansi-regex Completed in 0ms
npm timing idealTree:node_modules/strip-final-newline Completed in 0ms
npm timing idealTree:node_modules/supports-color Completed in 1ms
npm timing idealTree:node_modules/has-flag Completed in 0ms
npm timing idealTree:node_modules/throttleit Completed in 0ms
npm timing idealTree:node_modules/through Completed in 0ms
npm http fetch GET 200 https://registry.yarnpkg.com/glob 174ms (cache miss)
npm timing idealTree:node_modules/tmp Completed in 179ms
npm http fetch GET 200 https://registry.yarnpkg.com/inherits 82ms (cache miss)
npm http fetch GET 200 https://registry.yarnpkg.com/path-is-absolute 92ms (cache miss)
npm http fetch GET 200 https://registry.yarnpkg.com/fs.realpath 104ms (cache miss)
npm http fetch GET 200 https://registry.yarnpkg.com/inflight 104ms (cache miss)
npm http fetch GET 200 https://registry.yarnpkg.com/minimatch 106ms (cache miss)
npm timing idealTree:node_modules/rimraf Completed in 113ms
npm http fetch GET 200 https://registry.yarnpkg.com/brace-expansion 86ms (cache miss)
npm timing idealTree:node_modules/glob Completed in 93ms
npm timing idealTree:node_modules/fs.realpath Completed in 0ms
npm timing idealTree:node_modules/inflight Completed in 0ms
npm timing idealTree:node_modules/inherits Completed in 0ms
npm http fetch GET 200 https://registry.yarnpkg.com/concat-map 113ms (cache miss)
npm http fetch GET 200 https://registry.yarnpkg.com/balanced-match 115ms (cache miss)
npm timing idealTree:node_modules/minimatch Completed in 116ms
npm timing idealTree:node_modules/brace-expansion Completed in 2ms
npm timing idealTree:node_modules/balanced-match Completed in 0ms
npm timing idealTree:node_modules/concat-map Completed in 0ms
npm timing idealTree:node_modules/path-is-absolute Completed in 1ms
npm timing idealTree:node_modules/tough-cookie Completed in 2ms
npm timing idealTree:node_modules/psl Completed in 0ms
npm timing idealTree:node_modules/punycode Completed in 0ms
npm timing idealTree:node_modules/tslib Completed in 0ms
npm timing idealTree:node_modules/tunnel-agent Completed in 0ms
npm timing idealTree:node_modules/tweetnacl Completed in 0ms
npm timing idealTree:node_modules/type-fest Completed in 0ms
npm timing idealTree:node_modules/universalify Completed in 0ms
npm timing idealTree:node_modules/untildify Completed in 0ms
npm timing idealTree:node_modules/uuid Completed in 0ms
npm timing idealTree:node_modules/verror Completed in 1ms
npm timing idealTree:node_modules/core-util-is Completed in 0ms
npm timing idealTree:node_modules/which Completed in 1ms
npm timing idealTree:node_modules/isexe Completed in 0ms
npm timing idealTree:node_modules/wrap-ansi Completed in 0ms
npm timing idealTree:node_modules/wrappy Completed in 0ms
npm timing idealTree:node_modules/yallist Completed in 0ms
npm http fetch GET 200 https://registry.yarnpkg.com/pend 87ms (cache miss)
npm timing idealTree:node_modules/yauzl Completed in 90ms
npm timing idealTree:node_modules/buffer-crc32 Completed in 0ms
npm timing idealTree:node_modules/fd-slicer Completed in 1ms
npm timing idealTree:node_modules/pend Completed in 0ms
npm timing idealTree:node_modules/@cypress/xvfb/node_modules/debug Completed in 0ms
npm timing idealTree:node_modules/chalk/node_modules/supports-color Completed in 1ms
npm timing idealTree:node_modules/log-update/node_modules/slice-ansi Completed in 0ms
npm timing idealTree:node_modules/log-update/node_modules/wrap-ansi Completed in 0ms
npm timing idealTree:buildDeps Completed in 12334ms
npm timing idealTree:fixDepFlags Completed in 1ms
npm timing idealTree Completed in 12407ms
npm timing reify:loadTrees Completed in 12408ms
npm timing reify:diffTrees Completed in 4ms
npm timing reify:retireShallow Completed in 2ms
npm timing reify:createSparse Completed in 73ms
npm timing reify:loadBundles Completed in 0ms
npm http fetch POST 200 https://registry.yarnpkg.com/-/npm/v1/security/advisories/bulk 1990ms
npm timing auditReport:getReport Completed in 2000ms
npm timing auditReport:init Completed in 0ms
npm timing reify:audit Completed in 2003ms
npm http fetch GET 200 https://registry.yarnpkg.com/tslib/-/tslib-2.5.0.tgz 3660ms (cache miss)
npm timing reifyNode:node_modules/path-is-absolute Completed in 3904ms
npm timing reifyNode:node_modules/buffer-crc32 Completed in 3923ms
npm timing reifyNode:node_modules/inflight Completed in 3932ms
npm timing reifyNode:node_modules/brace-expansion Completed in 3936ms
npm timing reifyNode:node_modules/wrappy Completed in 3963ms
npm timing reifyNode:node_modules/once Completed in 3969ms
npm timing reifyNode:node_modules/end-of-stream Completed in 3978ms
npm timing reifyNode:node_modules/slice-ansi Completed in 3978ms
npm timing reifyNode:node_modules/wrap-ansi Completed in 3983ms
npm timing reifyNode:node_modules/ini Completed in 3993ms
npm timing reifyNode:node_modules/at-least-node Completed in 4003ms
npm timing reifyNode:node_modules/universalify Completed in 4006ms
npm timing reifyNode:node_modules/escape-string-regexp Completed in 4010ms
npm timing reifyNode:node_modules/@types/yauzl Completed in 4012ms
npm timing reifyNode:node_modules/shebang-command Completed in 4017ms
npm timing reifyNode:node_modules/pify Completed in 4025ms
npm timing reifyNode:node_modules/merge-stream Completed in 4030ms
npm timing reifyNode:node_modules/strip-final-newline Completed in 4036ms
npm timing reifyNode:node_modules/color-name Completed in 4044ms
npm timing reifyNode:node_modules/ms Completed in 4044ms
npm timing reifyNode:node_modules/lodash.once Completed in 4067ms
npm timing reifyNode:node_modules/@types/sizzle Completed in 4101ms
npm timing reifyNode:node_modules/executable Completed in 4104ms
npm timing reifyNode:node_modules/@types/sinonjs__fake-timers Completed in 4114ms
npm timing reifyNode:node_modules/@cypress/xvfb Completed in 4119ms
npm timing reifyNode:node_modules/log-update/node_modules/wrap-ansi Completed in 4125ms
npm timing reifyNode:node_modules/log-update/node_modules/slice-ansi Completed in 4125ms
npm timing reifyNode:node_modules/lru-cache Completed in 4142ms
npm timing reifyNode:node_modules/tunnel-agent Completed in 4157ms
npm timing reifyNode:node_modules/forever-agent Completed in 4171ms
npm timing reifyNode:node_modules/aws-sign2 Completed in 4172ms
npm timing reifyNode:node_modules/minimatch Completed in 4275ms
npm timing reifyNode:node_modules/pend Completed in 4386ms
npm timing reifyNode:node_modules/has-flag Completed in 4401ms
npm timing reifyNode:node_modules/strip-ansi Completed in 4402ms
npm timing reifyNode:node_modules/inherits Completed in 4402ms
npm timing reifyNode:node_modules/ansi-regex Completed in 4412ms
npm timing reifyNode:node_modules/astral-regex Completed in 4414ms
npm timing reifyNode:node_modules/shebang-regex Completed in 4428ms
npm timing reifyNode:node_modules/is-fullwidth-code-point Completed in 4431ms
npm timing reifyNode:node_modules/is-unicode-supported Completed in 4434ms
npm timing reifyNode:node_modules/indent-string Completed in 4445ms
npm timing reifyNode:node_modules/clean-stack Completed in 4451ms
npm timing reifyNode:node_modules/mimic-fn Completed in 4453ms
npm timing reifyNode:node_modules/aggregate-error Completed in 4457ms
npm timing reifyNode:node_modules/assert-plus Completed in 4465ms
npm timing reifyNode:node_modules/log-update Completed in 4467ms
npm timing reifyNode:node_modules/p-map Completed in 4468ms
npm timing reifyNode:node_modules/is-path-inside Completed in 4472ms
npm timing reifyNode:node_modules/cli-truncate Completed in 4472ms
npm timing reifyNode:node_modules/path-key Completed in 4478ms
npm timing reifyNode:node_modules/global-dirs Completed in 4487ms
npm timing reifyNode:node_modules/is-stream Completed in 4488ms
npm timing reifyNode:node_modules/restore-cursor Completed in 4496ms
npm timing reifyNode:node_modules/onetime Completed in 4503ms
npm timing reifyNode:node_modules/signal-exit Completed in 4516ms
npm timing reifyNode:node_modules/npm-run-path Completed in 4516ms
npm timing reifyNode:node_modules/string-width Completed in 4521ms
npm timing reifyNode:node_modules/ieee754 Completed in 4521ms
npm timing reifyNode:node_modules/is-typedarray Completed in 4543ms
npm timing reifyNode:node_modules/untildify Completed in 4544ms
npm timing reifyNode:node_modules/caseless Completed in 4562ms
npm timing reifyNode:node_modules/is-installed-globally Completed in 4573ms
npm timing reifyNode:node_modules/supports-color Completed in 4576ms
npm timing reifyNode:node_modules/pretty-bytes Completed in 4587ms
npm timing reifyNode:node_modules/ospath Completed in 4588ms
npm timing reifyNode:node_modules/yauzl Completed in 4598ms
npm timing reifyNode:node_modules/cli-cursor Completed in 4599ms
npm timing reifyNode:node_modules/figures Completed in 4612ms
npm timing reifyNode:node_modules/balanced-match Completed in 4652ms
npm timing reifyNode:node_modules/fs.realpath Completed in 4669ms
npm timing reifyNode:node_modules/yallist Completed in 4679ms
npm timing reifyNode:node_modules/ansi-escapes Completed in 4691ms
npm timing reifyNode:node_modules/mime-types Completed in 4708ms
npm timing reifyNode:node_modules/ansi-styles Completed in 4717ms
npm timing reifyNode:node_modules/combined-stream Completed in 4731ms
npm timing reifyNode:node_modules/punycode Completed in 4789ms
npm timing reifyNode:node_modules/chalk/node_modules/supports-color Completed in 4787ms
npm WARN deprecated cypress-xpath@2.0.1: Package no longer supported. Contact Support at https://www.npmjs.com/support for more info.
npm timing reifyNode:node_modules/cypress-xpath Completed in 4800ms
npm timing reifyNode:node_modules/has Completed in 4817ms
npm timing reifyNode:node_modules/bcrypt-pbkdf Completed in 4821ms
npm timing reifyNode:node_modules/safe-buffer Completed in 4842ms
npm timing reifyNode:node_modules/json-schema Completed in 4885ms
npm timing reifyNode:node_modules/base64-js Completed in 5028ms
npm timing reifyNode:node_modules/log-symbols Completed in 5042ms
npm timing reifyNode:node_modules/is-ci Completed in 5051ms
npm timing reifyNode:node_modules/cachedir Completed in 5063ms
npm timing reifyNode:node_modules/extract-zip Completed in 5073ms
npm timing reifyNode:node_modules/tmp Completed in 5077ms
npm timing reifyNode:node_modules/arch Completed in 5089ms
npm timing reifyNode:node_modules/getpass Completed in 5102ms
npm timing reifyNode:node_modules/rimraf Completed in 5113ms
npm timing reifyNode:node_modules/colorette Completed in 5142ms
npm timing reifyNode:node_modules/get-stream Completed in 5142ms
npm timing reifyNode:node_modules/delayed-stream Completed in 5148ms
npm timing reifyNode:node_modules/jsonfile Completed in 5156ms
npm timing reifyNode:node_modules/which Completed in 5165ms
npm timing reifyNode:node_modules/core-util-is Completed in 5226ms
npm timing reifyNode:node_modules/ansi-colors Completed in 5236ms
npm timing reifyNode:node_modules/glob Completed in 5328ms
npm timing reifyNode:node_modules/jsprim Completed in 5352ms
npm timing reifyNode:node_modules/pump Completed in 5401ms
npm timing reifyNode:node_modules/ci-info Completed in 5472ms
npm timing reifyNode:node_modules/graceful-fs Completed in 5481ms
npm timing reifyNode:node_modules/color-convert Completed in 5489ms
npm timing reifyNode:node_modules/concat-map Completed in 5508ms
npm timing reifyNode:node_modules/buffer Completed in 5519ms
npm timing reifyNode:node_modules/eventemitter2 Completed in 5533ms
npm timing reifyNode:node_modules/aws4 Completed in 5555ms
npm timing reifyNode:node_modules/safer-buffer Completed in 5565ms
npm timing reifyNode:node_modules/debug Completed in 5571ms
npm timing reifyNode:node_modules/dashdash Completed in 5604ms
npm timing reifyNode:node_modules/verror Completed in 5613ms
npm timing reifyNode:node_modules/jsbn Completed in 5632ms
npm timing reifyNode:node_modules/commander Completed in 5630ms
npm timing reifyNode:node_modules/chalk Completed in 5635ms
npm timing reifyNode:node_modules/isstream Completed in 5701ms
npm timing reifyNode:node_modules/proxy-from-env Completed in 5702ms
npm timing reifyNode:node_modules/lazy-ass Completed in 5707ms
npm timing reifyNode:node_modules/isexe Completed in 5729ms
npm timing reifyNode:node_modules/check-more-types Completed in 5734ms
npm timing reifyNode:node_modules/emoji-regex Completed in 5772ms
npm timing reifyNode:node_modules/fd-slicer Completed in 5788ms
npm timing reifyNode:node_modules/ecc-jsbn Completed in 5788ms
npm timing reifyNode:node_modules/throttleit Completed in 5812ms
npm timing reifyNode:node_modules/mime-db Completed in 5859ms
npm timing reifyNode:node_modules/extsprintf Completed in 5867ms
npm timing reifyNode:node_modules/request-progress Completed in 5879ms
npm timing reifyNode:node_modules/json-stringify-safe Completed in 5909ms
npm timing reifyNode:node_modules/http-signature Completed in 5956ms
npm timing reifyNode:node_modules/rfdc Completed in 5970ms
npm timing reifyNode:node_modules/get-intrinsic Completed in 5972ms
npm timing reifyNode:node_modules/extend Completed in 5976ms
npm timing reifyNode:node_modules/form-data Completed in 5976ms
npm timing reifyNode:node_modules/blob-util Completed in 5984ms
npm timing reifyNode:node_modules/@cypress/xvfb/node_modules/debug Completed in 6009ms
npm timing reifyNode:node_modules/side-channel Completed in 6041ms
npm timing reifyNode:node_modules/cross-spawn Completed in 6043ms
npm timing reifyNode:node_modules/asn1 Completed in 6078ms
npm timing reifyNode:node_modules/tough-cookie Completed in 6103ms
npm timing reifyNode:node_modules/through Completed in 6122ms
npm timing reifyNode:node_modules/cli-table3 Completed in 6146ms
npm timing reifyNode:node_modules/execa Completed in 6163ms
npm timing reifyNode:node_modules/function-bind Completed in 6187ms
npm timing reifyNode:node_modules/call-bind Completed in 6194ms
npm timing reifyNode:node_modules/tslib Completed in 6199ms
npm timing reifyNode:node_modules/human-signals Completed in 6218ms
npm timing reifyNode:node_modules/has-symbols Completed in 6300ms
npm timing reifyNode:node_modules/tweetnacl Completed in 6341ms
npm timing reifyNode:node_modules/psl Completed in 6578ms
npm timing reifyNode:node_modules/@cypress/request Completed in 6635ms
npm timing reifyNode:node_modules/performance-now Completed in 6654ms
npm timing reifyNode:node_modules/asynckit Completed in 6789ms
npm timing reifyNode:node_modules/qs Completed in 6872ms
npm timing reifyNode:node_modules/@colors/colors Completed in 6977ms
npm timing reifyNode:node_modules/minimist Completed in 7075ms
npm timing reifyNode:node_modules/object-inspect Completed in 7540ms
npm timing reifyNode:node_modules/fs-extra Completed in 7737ms
npm timing reifyNode:node_modules/sshpk Completed in 7763ms
npm timing reifyNode:node_modules/getos Completed in 7837ms
npm timing reifyNode:node_modules/type-fest Completed in 7917ms
npm timing reifyNode:node_modules/enquirer Completed in 8135ms
npm timing reifyNode:node_modules/semver Completed in 8169ms
npm timing reifyNode:node_modules/bluebird Completed in 8276ms
npm timing reifyNode:node_modules/uuid Completed in 8512ms
npm timing reifyNode:node_modules/listr2 Completed in 8549ms
npm timing reifyNode:node_modules/@types/node Completed in 9277ms
npm timing reifyNode:node_modules/common-tags Completed in 9544ms
npm timing reifyNode:node_modules/async Completed in 9806ms
npm timing reifyNode:node_modules/dayjs Completed in 13176ms
npm timing reifyNode:node_modules/cypress Completed in 14463ms
npm timing reifyNode:node_modules/lodash Completed in 18008ms
npm timing reifyNode:node_modules/rxjs Completed in 24735ms
npm timing reify:unpack Completed in 24740ms
npm timing reify:unretire Completed in 1ms
npm timing build:queue Completed in 8ms
npm timing build:link:node_modules/cypress Completed in 66ms
npm timing build:link:node_modules/is-ci Completed in 65ms
npm timing build:link:node_modules/extract-zip Completed in 66ms
npm timing build:link:node_modules/semver Completed in 65ms
npm timing build:link:node_modules/uuid Completed in 64ms
npm timing build:link:node_modules/rimraf Completed in 66ms
npm timing build:link:node_modules/sshpk Completed in 66ms
npm timing build:link:node_modules/which Completed in 66ms
npm timing build:link Completed in 69ms
npm info run cypress@11.2.0 postinstall node_modules/cypress node index.js --exec install
npm info run cypress@11.2.0 postinstall { code: 0, signal: null }
npm timing build:run:postinstall:node_modules/cypress Completed in 5546ms
npm timing build:run:postinstall Completed in 5547ms
npm timing build:deps Completed in 5624ms
npm timing build Completed in 5625ms
npm timing reify:build Completed in 5625ms
npm timing reify:trash Completed in 0ms
npm timing reify:save Completed in 63ms
npm timing reify Completed in 42977ms

added 173 packages, and audited 174 packages in 44s

35 packages are looking for funding
  run `npm fund` for details

found 0 vulnerabilities
npm timing command:install Completed in 43005ms
npm verb exit 0
npm timing npm Completed in 44229ms
npm info ok 
